
> promptgen-pro@1.0.0 build
> next build

  ▲ Next.js 14.2.0
  - Environments: .env.local

   Creating an optimized production build ...
 ✓ Compiled successfully
   Skipping validation of types
   Skipping linting
   Collecting page data ...
   Generating static pages (0/6) ...
   Generating static pages (1/6) 
   Generating static pages (2/6) 
   Generating static pages (4/6) 
 ✓ Generating static pages (6/6)
   Finalizing page optimization ...
   Collecting build traces ...

Route (app)                              Size     First Load JS
┌ ○ /                                    9.22 kB         103 kB
├ ○ /_not-found                          871 B          87.7 kB
├ ƒ /api/checkout                        0 B                0 B
├ ○ /dashboard                           4.42 kB        98.1 kB
└ ○ /success                             734 B          87.6 kB
+ First Load JS shared by all            86.9 kB
  ├ chunks/23-6584adcaa818d993.js        31.3 kB
  ├ chunks/fd9d1056-62aaf4b921c84028.js  53.6 kB
  └ other shared chunks (total)          1.89 kB


○  (Static)   prerendered as static content
ƒ  (Dynamic)  server-rendered on demand

